<?xml version="1.0" encoding="UTF-8"?>
<testng-results ignored="0" total="1" passed="1" failed="0" skipped="0">
  <reporter-output>
  </reporter-output>
  <suite started-at="2023-03-23T15:16:19 IST" name="Default suite" finished-at="2023-03-23T15:16:19 IST" duration-ms="31">
    <groups>
    </groups>
    <test started-at="2023-03-23T15:16:19 IST" name="Default test" finished-at="2023-03-23T15:16:19 IST" duration-ms="31">
      <class name="Tek.tek.App">
        <test-method signature="main()[pri:0, instance:Tek.tek.App@43195e57]" started-at="2023-03-23T15:16:19 IST" name="main" finished-at="2023-03-23T15:16:19 IST" duration-ms="7" status="PASS">
          <reporter-output>
          </reporter-output>
        </test-method> <!-- main -->
      </class> <!-- Tek.tek.App -->
    </test> <!-- Default test -->
  </suite> <!-- Default suite -->
</testng-results>
